<?xml version="1.0" encoding="UTF-8"?>
<!-- Generated by org.testng.reporters.JUnitReportReporter -->
<testsuite skipped="0" hostname="Pranjal" name="com.CC.test.TestClass" tests="1" failures="0" timestamp="22 Dec 2018 15:53:22 GMT" time="2.281" errors="0">
  <testcase name="login" time="2.281" classname="com.CC.test.TestClass"/>
</testsuite> <!-- com.CC.test.TestClass -->
