<?xml version="1.0" encoding="UTF-8"?>
<!-- Generated by org.testng.reporters.JUnitReportReporter -->
<testsuite skipped="0" hostname="DESKTOP-JF4A0NP" name="com.CC.test.TestClass" tests="1" failures="0" timestamp="29 Jul 2020 10:31:43 GMT" time="4.847" errors="0">
  <testcase name="login" time="4.847" classname="com.CC.test.TestClass"/>
</testsuite> <!-- com.CC.test.TestClass -->
